[    7988ms] [ERROR] A tree hydrated but some attributes of the server rendered HTML didn't match the client properties. This won't be patched up. This can happen if a SSR-ed Client Component used:

- A server/client branch `if (typeof window !== 'undefined')`.
- Variable input such as `Date.now()` or `Math.random()` which changes each time it's called.
- Date formatting in a user's locale which doesn't match the server.
- External changing data without sending a snapshot of it along with the HTML.
- Invalid HTML tag nesting.

It can also happen if the client has a browser extension installed which messes with the HTML before React loaded.

%s%s https://react.dev/link/hydration-mismatch 

  ...
    <RedirectErrorBoundary router={{...}}>
      <InnerLayoutRouter url={"/project..."} tree={[...]} cacheNode={{lazyData:null, ...}} segmentPath={[...]}>
        <SegmentViewNode type="page" pagePath="/projects/...">
          <SegmentTrieNode>
          <ClientPageRoot Component={function ProjectSearchPage} searchParams={{category:"...", ...}} params={{}}>
            <ProjectSearchPage params={Promise} searchParams={Promise}>
              <Suspense fallback={<div>}>
                <ProjectSearchContent>
                  <div className="container ...">
                    <div className="space-y-6">
                      <div>
                      <div className="flex gap-4">
                        <div className="relative f...">
                          <Search>
                          <_c type="text" placeholder="Search pro..." value="" onChange={function onChange} ...>
                            <input
                              type="text"
                              className="flex h-9 w-full rounded-md border border-input bg-transparent px-3 py-1 text-..."
                              ref={null}
                              placeholder="Search projects by title, description, or technology..."
                              value=""
                              onChange={function onChange}
                              onKeyDown={function onKeyDown}
-                             style={{caret-color:"transparent"}}
                            >
                        ...
                      <div>
                      ...
                        <div className="flex flex-...">
                          <div>
                          ...
                            <span style={{...}}>
                              <SliderCollectionItemSlot>
                              <RadioBubbleInput name={undefined} form={undefined} value={undefined}>
                                <Primitive.input style={{display:"none"}} name={undefined} form={undefined} ...>
                                  <input
+                                   style={{display:"none"}}
-                                   style={{display:"none",caret-color:"transparent"}}
                                    name={undefined}
                                    form={undefined}
                                    defaultValue={undefined}
                                    ref={function}
                                  >
                          ...
                            <span style={{...}}>
                              <SliderCollectionItemSlot>
                              <RadioBubbleInput name={undefined} form={undefined} value={undefined}>
                                <Primitive.input style={{display:"none"}} name={undefined} form={undefined} ...>
                                  <input
+                                   style={{display:"none"}}
-                                   style={{display:"none",caret-color:"transparent"}}
                                    name={undefined}
                                    form={undefined}
                                    defaultValue={undefined}
                                    ref={function}
                                  >
                      ...
        ...
      ...
 @ webpack-internal:///(app-pages-browser)/./node_modules/next/dist/next-devtools/userspace/app/errors/intercept-console-error.js:56
[   12329ms] [WARNING] Image with src "/images/branding/codesalvage_logo_horizontal.png" has either width or height modified, but not the other. If you use CSS to change the size of your image, also include the styles 'width: "auto"' or 'height: "auto"' to maintain the aspect ratio. @ webpack-internal:///(app-pages-browser)/./node_modules/next/dist/shared/lib/utils/warn-once.js:15
